<?xml version="1.0" encoding="UTF-8"?>
<!-- Generated by org.testng.reporters.JUnitXMLReporter -->
<testsuite ignored="0" hostname="XPS13" failures="1" tests="20" name="Surefire test" time="445.849" errors="0" timestamp="2020-07-03T22:54:12 EDT">
  <testcase classname="com.cra.qa.testcases.ContactUsPageTest" name="contactUsTitleTest" time="1.07">
    <failure type="org.junit.ComparisonFailure" message="expected:&amp;lt;[Contact Us |] Roicians&amp;gt; but was:&amp;lt;[Home -] Roicians&amp;gt;">
      <![CDATA[org.junit.ComparisonFailure: expected:<[Contact Us |] Roicians> but was:<[Home -] Roicians>
at org.junit.Assert.assertEquals(Assert.java:115)
at org.junit.Assert.assertEquals(Assert.java:144)
at com.cra.qa.testcases.ContactUsPageTest.contactUsTitleTest(ContactUsPageTest.java:38)
at java.base/java.util.ArrayList.forEach(ArrayList.java:1540)
... Removed 32 stack frames]]>
    </failure>
  </testcase> <!-- contactUsTitleTest -->
  <testcase classname="com.cra.qa.testcases.ContactUsPageTest" name="fillFormTest" time="0.0">
    <skipped/>
  </testcase> <!-- fillFormTest -->
  <testcase classname="com.cra.qa.testcases.HomePageTest" name="homepageTitleTest" time="0.024"/>
  <testcase classname="com.cra.qa.testcases.HomePageTest" name="verifyHomePageLink" time="1.034"/>
  <testcase classname="com.cra.qa.testcases.HomePageTest" name="verifyContactUsLink" time="0.773"/>
  <testcase classname="com.cra.qa.testcases.HomePageTest" name="verifyAboutUsLink" time="1.088"/>
  <testcase classname="com.cra.qa.testcases.HomePageTest" name="verifyCoursesLink" time="0.971"/>
  <testcase classname="com.cra.qa.testcases.HomePageTest" name="verifyServicesLink" time="1.099"/>
  <testcase classname="com.cra.qa.testcases.HomePageTest" name="verifyCareersLink" time="0.381"/>
  <testcase classname="com.cra.qa.testcases.HomePageTest" name="verifyEnquireNowLink" time="1.219"/>
  <testcase classname="com.cra.qa.testcases.HomePageTest" name="verifyServices2Link" time="1.391"/>
  <testcase classname="com.cra.qa.testcases.HomePageTest" name="verifyTrainingLink" time="1.685"/>
  <testcase classname="com.cra.qa.testcases.HomePageTest" name="verifyCareer2Link" time="1.889"/>
  <testcase classname="com.cra.qa.testcases.HomePageTest" name="verifyEventsLink" time="1.65"/>
  <testcase classname="com.cra.qa.testcases.HomePageTest" name="verifyMoreAboutUsLink" time="1.674"/>
  <testcase classname="com.cra.qa.testcases.HomePageTest" name="verifyContactUs2Link" time="1.558"/>
  <testcase classname="com.cra.qa.testcases.HomePageTest" name="verifyWebDevelopmentLink" time="1.605"/>
  <testcase classname="com.cra.qa.testcases.HomePageTest" name="verifySoftwareTestingLink" time="1.698"/>
  <testcase classname="com.cra.qa.testcases.HomePageTest" name="verifyConsultancyPageLink" time="1.943"/>
  <testcase classname="com.cra.qa.testcases.HomePageTest" name="verifyTraining2Link" time="1.955"/>
</testsuite> <!-- Surefire test -->
