<?xml version="1.0" encoding="UTF-8"?>
<!-- Generated by org.testng.reporters.JUnitXMLReporter -->
<testsuite ignored="0" hostname="XPS13" failures="0" tests="2" name="Default test" time="18.033" errors="0" timestamp="2020-06-10T14:12:32 EDT">
  <testcase classname="com.cra.qa.testcases.ContactUsPageTest" name="contactUsTitleTest" time="3.978"/>
  <testcase classname="com.cra.qa.testcases.ContactUsPageTest" name="fillFormTest" time="0.0">
    <skipped/>
  </testcase> <!-- fillFormTest -->
</testsuite> <!-- Default test -->
