<?xml version="1.0" encoding="UTF-8"?>
<!-- Generated by org.testng.reporters.JUnitXMLReporter -->
<testsuite ignored="0" hostname="XPS13" failures="0" tests="18" name="Default test" time="177.611" errors="0" timestamp="2020-06-20T18:19:15 EDT">
  <testcase classname="com.cra.qa.testcases.HomePageTest" name="homepageTitleTest" time="0.022"/>
  <testcase classname="com.cra.qa.testcases.HomePageTest" name="verifyHomePageLink" time="0.595"/>
  <testcase classname="com.cra.qa.testcases.HomePageTest" name="verifyContactUsLink" time="0.599"/>
  <testcase classname="com.cra.qa.testcases.HomePageTest" name="verifyAboutUsLink" time="0.405"/>
  <testcase classname="com.cra.qa.testcases.HomePageTest" name="verifyCoursesLink" time="0.61"/>
  <testcase classname="com.cra.qa.testcases.HomePageTest" name="verifyServicesLink" time="0.544"/>
  <testcase classname="com.cra.qa.testcases.HomePageTest" name="verifyCareersLink" time="0.462"/>
  <testcase classname="com.cra.qa.testcases.HomePageTest" name="verifyEnquireNowLink" time="0.684"/>
  <testcase classname="com.cra.qa.testcases.HomePageTest" name="verifyServices2Link" time="0.804"/>
  <testcase classname="com.cra.qa.testcases.HomePageTest" name="verifyTrainingLink" time="0.658"/>
  <testcase classname="com.cra.qa.testcases.HomePageTest" name="verifyCareer2Link" time="0.471"/>
  <testcase classname="com.cra.qa.testcases.HomePageTest" name="verifyEventsLink" time="0.603"/>
  <testcase classname="com.cra.qa.testcases.HomePageTest" name="verifyMoreAboutUsLink" time="0.627"/>
  <testcase classname="com.cra.qa.testcases.HomePageTest" name="verifyContactUs2Link" time="0.646"/>
  <testcase classname="com.cra.qa.testcases.HomePageTest" name="verifyWebDevelopmentLink" time="1.508"/>
  <testcase classname="com.cra.qa.testcases.HomePageTest" name="verifySoftwareTestingLink" time="0.682"/>
  <testcase classname="com.cra.qa.testcases.HomePageTest" name="verifyConsultancyPageLink" time="0.644"/>
  <testcase classname="com.cra.qa.testcases.HomePageTest" name="verifyTraining2Link" time="0.653"/>
</testsuite> <!-- Default test -->
