<?xml version="1.0" encoding="UTF-8"?>
<testsuite xmlns:xsi="http://www.w3.org/2001/XMLSchema-instance" xsi:noNamespaceSchemaLocation="https://maven.apache.org/surefire/maven-surefire-plugin/xsd/surefire-test-report.xsd" name="TestSuite" time="450.432" tests="20" errors="0" skipped="1" failures="1">
  <properties>
[...]
</properties>
  <testcase name="contactUsTitleTest" classname="com.cra.qa.testcases.ContactUsPageTest" time="1.1">
    <failure message="expected:&lt;[Contact Us |] Roicians&gt; but was:&lt;[Home -] Roicians&gt;" type="org.junit.ComparisonFailure"><![CDATA[org.junit.ComparisonFailure: expected:<[Contact Us |] Roicians> but was:<[Home -] Roicians>
	at com.cra.qa.testcases.ContactUsPageTest.contactUsTitleTest(ContactUsPageTest.java:38)
]]></failure>
    <system-err><![CDATA[1593830811209	mozrunner::runner	INFO	Running command: "C:\\Program Files\\Mozilla Firefox\\firefox.exe" "-marionette" "-foreground" "-no-remote" "-profile" "C:\\WINDOWS\\TEMP\\rust_mozprofilepo126g"
JavaScript error: resource://gre/modules/XULStore.jsm, line 66: Error: Can't find profile directory.
1593830826262	Marionette	INFO	Listening on port 58284
1593830826353	Marionette	WARN	TLS certificate errors will be ignored for this session
Jul. 03, 2020 10:47:06 P.M. org.openqa.selenium.remote.ProtocolHandshake createSession
INFO: Detected dialect: W3C
]]></system-err>
  </testcase>
  <testcase name="fillFormTest" classname="com.cra.qa.testcases.ContactUsPageTest" time="0">
    <skipped message="java.lang.NullPointerException"/>
    <system-err><![CDATA[[Utils] [ERROR] [Error] java.lang.NullPointerException
	at com.cra.qa.util.TestUtil.getTestData(TestUtil.java:37)
	at com.cra.qa.testcases.ContactUsPageTest.getData(ContactUsPageTest.java:44)
	at java.base/jdk.internal.reflect.NativeMethodAccessorImpl.invoke0(Native Method)
	at java.base/jdk.internal.reflect.NativeMethodAccessorImpl.invoke(NativeMethodAccessorImpl.java:62)
	at java.base/jdk.internal.reflect.DelegatingMethodAccessorImpl.invoke(DelegatingMethodAccessorImpl.java:43)
	at java.base/java.lang.reflect.Method.invoke(Method.java:566)
	at org.testng.internal.MethodInvocationHelper.invokeMethod(MethodInvocationHelper.java:134)
	at org.testng.internal.MethodInvocationHelper.invokeMethod(MethodInvocationHelper.java:78)
	at org.testng.internal.MethodInvocationHelper.invokeMethodNoCheckedException(MethodInvocationHelper.java:47)
	at org.testng.internal.MethodInvocationHelper.invokeDataProvider(MethodInvocationHelper.java:147)
	at org.testng.internal.Parameters.handleParameters(Parameters.java:801)
	at org.testng.internal.Parameters.handleParameters(Parameters.java:744)
	at org.testng.internal.ParameterHandler.handleParameters(ParameterHandler.java:59)
	at org.testng.internal.ParameterHandler.createParameters(ParameterHandler.java:38)
	at org.testng.internal.TestInvoker$MethodInvocationAgent.invoke(TestInvoker.java:783)
	at org.testng.internal.TestInvoker.invokeTestMethods(TestInvoker.java:146)
	at org.testng.internal.TestMethodWorker.invokeTestMethods(TestMethodWorker.java:146)
	at org.testng.internal.TestMethodWorker.run(TestMethodWorker.java:128)
	at java.base/java.util.ArrayList.forEach(ArrayList.java:1540)
	at org.testng.TestRunner.privateRun(TestRunner.java:766)
	at org.testng.TestRunner.run(TestRunner.java:587)
	at org.testng.SuiteRunner.runTest(SuiteRunner.java:384)
	at org.testng.SuiteRunner.runSequentially(SuiteRunner.java:378)
	at org.testng.SuiteRunner.privateRun(SuiteRunner.java:337)
	at org.testng.SuiteRunner.run(SuiteRunner.java:286)
	at org.testng.SuiteRunnerWorker.runSuite(SuiteRunnerWorker.java:53)
	at org.testng.SuiteRunnerWorker.run(SuiteRunnerWorker.java:96)
	at org.testng.TestNG.runSuitesSequentially(TestNG.java:1187)
	at org.testng.TestNG.runSuitesLocally(TestNG.java:1109)
	at org.testng.TestNG.runSuites(TestNG.java:1039)
	at org.testng.TestNG.run(TestNG.java:1007)
	at org.apache.maven.surefire.testng.TestNGExecutor.run(TestNGExecutor.java:135)
	at org.apache.maven.surefire.testng.TestNGDirectoryTestSuite.executeMulti(TestNGDirectoryTestSuite.java:193)
	at org.apache.maven.surefire.testng.TestNGDirectoryTestSuite.execute(TestNGDirectoryTestSuite.java:94)
	at org.apache.maven.surefire.testng.TestNGProvider.invoke(TestNGProvider.java:146)
	at org.apache.maven.surefire.booter.ForkedBooter.invokeProviderInSameClassLoader(ForkedBooter.java:384)
	at org.apache.maven.surefire.booter.ForkedBooter.runSuitesInProcess(ForkedBooter.java:345)
	at org.apache.maven.surefire.booter.ForkedBooter.execute(ForkedBooter.java:126)
	at org.apache.maven.surefire.booter.ForkedBooter.main(ForkedBooter.java:418)

]]></system-err>
  </testcase>
  <testcase name="homepageTitleTest" classname="com.cra.qa.testcases.HomePageTest" time="0.027"/>
  <testcase name="verifyHomePageLink" classname="com.cra.qa.testcases.HomePageTest" time="1.035"/>
  <testcase name="verifyContactUsLink" classname="com.cra.qa.testcases.HomePageTest" time="0.771"/>
  <testcase name="verifyAboutUsLink" classname="com.cra.qa.testcases.HomePageTest" time="1.085"/>
  <testcase name="verifyCoursesLink" classname="com.cra.qa.testcases.HomePageTest" time="0.973"/>
  <testcase name="verifyServicesLink" classname="com.cra.qa.testcases.HomePageTest" time="1.099"/>
  <testcase name="verifyCareersLink" classname="com.cra.qa.testcases.HomePageTest" time="0.382"/>
  <testcase name="verifyEnquireNowLink" classname="com.cra.qa.testcases.HomePageTest" time="1.219"/>
  <testcase name="verifyServices2Link" classname="com.cra.qa.testcases.HomePageTest" time="1.395"/>
  <testcase name="verifyTrainingLink" classname="com.cra.qa.testcases.HomePageTest" time="1.686"/>
  <testcase name="verifyCareer2Link" classname="com.cra.qa.testcases.HomePageTest" time="1.888"/>
  <testcase name="verifyEventsLink" classname="com.cra.qa.testcases.HomePageTest" time="1.65"/>
  <testcase name="verifyMoreAboutUsLink" classname="com.cra.qa.testcases.HomePageTest" time="1.676"/>
  <testcase name="verifyContactUs2Link" classname="com.cra.qa.testcases.HomePageTest" time="1.559"/>
  <testcase name="verifyWebDevelopmentLink" classname="com.cra.qa.testcases.HomePageTest" time="1.605"/>
  <testcase name="verifySoftwareTestingLink" classname="com.cra.qa.testcases.HomePageTest" time="1.699"/>
  <testcase name="verifyConsultancyPageLink" classname="com.cra.qa.testcases.HomePageTest" time="1.944"/>
  <testcase name="verifyTraining2Link" classname="com.cra.qa.testcases.HomePageTest" time="1.955"/>
</testsuite>