<?xml version="1.0" encoding="UTF-8"?>
<testng-results ignored="0" total="20" passed="18" failed="1" skipped="1">
  <reporter-output>
  </reporter-output>
  <suite started-at="2020-07-03T22:46:46 EDT" name="Surefire suite" finished-at="2020-07-03T22:54:11 EDT" duration-ms="445849">
    <groups>
    </groups>
    <test started-at="2020-07-03T22:46:46 EDT" name="Surefire test" finished-at="2020-07-03T22:54:11 EDT" duration-ms="445849">
      <class name="com.cra.qa.testcases.ContactUsPageTest">
        <test-method is-config="true" signature="setup()[pri:0, instance:com.cra.qa.testcases.ContactUsPageTest@5e0e82ae]" started-at="2020-07-03T22:46:46 EDT" name="setup" finished-at="2020-07-03T22:47:14 EDT" duration-ms="27812" status="PASS">
          <reporter-output>
          </reporter-output>
        </test-method> <!-- setup -->
        <test-method signature="contactUsTitleTest()[pri:1, instance:com.cra.qa.testcases.ContactUsPageTest@5e0e82ae]" started-at="2020-07-03T22:47:14 EDT" name="contactUsTitleTest" finished-at="2020-07-03T22:47:15 EDT" duration-ms="1070" status="FAIL">
          <exception class="org.junit.ComparisonFailure">
            <message>
              <![CDATA[expected:<[Contact Us |] Roicians> but was:<[Home -] Roicians>]]>
            </message>
            <full-stacktrace>
              <![CDATA[org.junit.ComparisonFailure: expected:<[Contact Us |] Roicians> but was:<[Home -] Roicians>
at org.junit.Assert.assertEquals(Assert.java:115)
at org.junit.Assert.assertEquals(Assert.java:144)
at com.cra.qa.testcases.ContactUsPageTest.contactUsTitleTest(ContactUsPageTest.java:38)
at java.base/jdk.internal.reflect.NativeMethodAccessorImpl.invoke0(Native Method)
at java.base/jdk.internal.reflect.NativeMethodAccessorImpl.invoke(NativeMethodAccessorImpl.java:62)
at java.base/jdk.internal.reflect.DelegatingMethodAccessorImpl.invoke(DelegatingMethodAccessorImpl.java:43)
at java.base/java.lang.reflect.Method.invoke(Method.java:566)
at org.testng.internal.MethodInvocationHelper.invokeMethod(MethodInvocationHelper.java:134)
at org.testng.internal.TestInvoker.invokeMethod(TestInvoker.java:597)
at org.testng.internal.TestInvoker.invokeTestMethod(TestInvoker.java:173)
at org.testng.internal.MethodRunner.runInSequence(MethodRunner.java:46)
at org.testng.internal.TestInvoker$MethodInvocationAgent.invoke(TestInvoker.java:816)
at org.testng.internal.TestInvoker.invokeTestMethods(TestInvoker.java:146)
at org.testng.internal.TestMethodWorker.invokeTestMethods(TestMethodWorker.java:146)
at org.testng.internal.TestMethodWorker.run(TestMethodWorker.java:128)
at java.base/java.util.ArrayList.forEach(ArrayList.java:1540)
at org.testng.TestRunner.privateRun(TestRunner.java:766)
at org.testng.TestRunner.run(TestRunner.java:587)
at org.testng.SuiteRunner.runTest(SuiteRunner.java:384)
at org.testng.SuiteRunner.runSequentially(SuiteRunner.java:378)
at org.testng.SuiteRunner.privateRun(SuiteRunner.java:337)
at org.testng.SuiteRunner.run(SuiteRunner.java:286)
at org.testng.SuiteRunnerWorker.runSuite(SuiteRunnerWorker.java:53)
at org.testng.SuiteRunnerWorker.run(SuiteRunnerWorker.java:96)
at org.testng.TestNG.runSuitesSequentially(TestNG.java:1187)
at org.testng.TestNG.runSuitesLocally(TestNG.java:1109)
at org.testng.TestNG.runSuites(TestNG.java:1039)
at org.testng.TestNG.run(TestNG.java:1007)
at org.apache.maven.surefire.testng.TestNGExecutor.run(TestNGExecutor.java:135)
at org.apache.maven.surefire.testng.TestNGDirectoryTestSuite.executeMulti(TestNGDirectoryTestSuite.java:193)
at org.apache.maven.surefire.testng.TestNGDirectoryTestSuite.execute(TestNGDirectoryTestSuite.java:94)
at org.apache.maven.surefire.testng.TestNGProvider.invoke(TestNGProvider.java:146)
at org.apache.maven.surefire.booter.ForkedBooter.invokeProviderInSameClassLoader(ForkedBooter.java:384)
at org.apache.maven.surefire.booter.ForkedBooter.runSuitesInProcess(ForkedBooter.java:345)
at org.apache.maven.surefire.booter.ForkedBooter.execute(ForkedBooter.java:126)
at org.apache.maven.surefire.booter.ForkedBooter.main(ForkedBooter.java:418)
]]>
            </full-stacktrace>
          </exception> <!-- org.junit.ComparisonFailure -->
          <reporter-output>
          </reporter-output>
        </test-method> <!-- contactUsTitleTest -->
        <test-method signature="fillFormTest(java.lang.String, java.lang.String, java.lang.String, java.lang.String)[pri:2, instance:com.cra.qa.testcases.ContactUsPageTest@5e0e82ae]" started-at="2020-07-03T22:47:19 EDT" name="fillFormTest" data-provider="getData" finished-at="2020-07-03T22:47:19 EDT" duration-ms="0" status="SKIP">
          <exception class="java.lang.RuntimeException">
            <message>
              <![CDATA[java.lang.NullPointerException]]>
            </message>
            <full-stacktrace>
              <![CDATA[java.lang.RuntimeException: java.lang.NullPointerException
at org.testng.internal.MethodInvocationHelper.invokeMethodNoCheckedException(MethodInvocationHelper.java:51)
at org.testng.internal.MethodInvocationHelper.invokeDataProvider(MethodInvocationHelper.java:147)
at org.testng.internal.Parameters.handleParameters(Parameters.java:801)
at org.testng.internal.Parameters.handleParameters(Parameters.java:744)
at org.testng.internal.ParameterHandler.handleParameters(ParameterHandler.java:59)
at org.testng.internal.ParameterHandler.createParameters(ParameterHandler.java:38)
at org.testng.internal.TestInvoker$MethodInvocationAgent.invoke(TestInvoker.java:783)
at org.testng.internal.TestInvoker.invokeTestMethods(TestInvoker.java:146)
at org.testng.internal.TestMethodWorker.invokeTestMethods(TestMethodWorker.java:146)
at org.testng.internal.TestMethodWorker.run(TestMethodWorker.java:128)
at java.base/java.util.ArrayList.forEach(ArrayList.java:1540)
at org.testng.TestRunner.privateRun(TestRunner.java:766)
at org.testng.TestRunner.run(TestRunner.java:587)
at org.testng.SuiteRunner.runTest(SuiteRunner.java:384)
at org.testng.SuiteRunner.runSequentially(SuiteRunner.java:378)
at org.testng.SuiteRunner.privateRun(SuiteRunner.java:337)
at org.testng.SuiteRunner.run(SuiteRunner.java:286)
at org.testng.SuiteRunnerWorker.runSuite(SuiteRunnerWorker.java:53)
at org.testng.SuiteRunnerWorker.run(SuiteRunnerWorker.java:96)
at org.testng.TestNG.runSuitesSequentially(TestNG.java:1187)
at org.testng.TestNG.runSuitesLocally(TestNG.java:1109)
at org.testng.TestNG.runSuites(TestNG.java:1039)
at org.testng.TestNG.run(TestNG.java:1007)
at org.apache.maven.surefire.testng.TestNGExecutor.run(TestNGExecutor.java:135)
at org.apache.maven.surefire.testng.TestNGDirectoryTestSuite.executeMulti(TestNGDirectoryTestSuite.java:193)
at org.apache.maven.surefire.testng.TestNGDirectoryTestSuite.execute(TestNGDirectoryTestSuite.java:94)
at org.apache.maven.surefire.testng.TestNGProvider.invoke(TestNGProvider.java:146)
at org.apache.maven.surefire.booter.ForkedBooter.invokeProviderInSameClassLoader(ForkedBooter.java:384)
at org.apache.maven.surefire.booter.ForkedBooter.runSuitesInProcess(ForkedBooter.java:345)
at org.apache.maven.surefire.booter.ForkedBooter.execute(ForkedBooter.java:126)
at org.apache.maven.surefire.booter.ForkedBooter.main(ForkedBooter.java:418)
Caused by: java.lang.NullPointerException
at com.cra.qa.util.TestUtil.getTestData(TestUtil.java:37)
at com.cra.qa.testcases.ContactUsPageTest.getData(ContactUsPageTest.java:44)
at java.base/jdk.internal.reflect.NativeMethodAccessorImpl.invoke0(Native Method)
at java.base/jdk.internal.reflect.NativeMethodAccessorImpl.invoke(NativeMethodAccessorImpl.java:62)
at java.base/jdk.internal.reflect.DelegatingMethodAccessorImpl.invoke(DelegatingMethodAccessorImpl.java:43)
at java.base/java.lang.reflect.Method.invoke(Method.java:566)
at org.testng.internal.MethodInvocationHelper.invokeMethod(MethodInvocationHelper.java:134)
at org.testng.internal.MethodInvocationHelper.invokeMethod(MethodInvocationHelper.java:78)
at org.testng.internal.MethodInvocationHelper.invokeMethodNoCheckedException(MethodInvocationHelper.java:47)
... 30 more
]]>
            </full-stacktrace>
          </exception> <!-- java.lang.RuntimeException -->
          <reporter-output>
          </reporter-output>
        </test-method> <!-- fillFormTest -->
      </class> <!-- com.cra.qa.testcases.ContactUsPageTest -->
      <class name="com.cra.qa.testcases.HomePageTest">
        <test-method is-config="true" signature="setUp()[pri:0, instance:com.cra.qa.testcases.HomePageTest@6771beb3]" started-at="2020-07-03T22:47:19 EDT" name="setUp" finished-at="2020-07-03T22:47:35 EDT" duration-ms="15618" status="PASS">
          <reporter-output>
          </reporter-output>
        </test-method> <!-- setUp -->
        <test-method signature="homepageTitleTest()[pri:1, instance:com.cra.qa.testcases.HomePageTest@6771beb3]" started-at="2020-07-03T22:47:35 EDT" name="homepageTitleTest" finished-at="2020-07-03T22:47:35 EDT" duration-ms="24" status="PASS">
          <reporter-output>
          </reporter-output>
        </test-method> <!-- homepageTitleTest -->
        <test-method is-config="true" signature="clearAll()[pri:0, instance:com.cra.qa.testcases.HomePageTest@6771beb3]" started-at="2020-07-03T22:47:35 EDT" name="clearAll" finished-at="2020-07-03T22:47:40 EDT" duration-ms="5621" status="PASS">
          <reporter-output>
          </reporter-output>
        </test-method> <!-- clearAll -->
        <test-method is-config="true" signature="setUp()[pri:0, instance:com.cra.qa.testcases.HomePageTest@6771beb3]" started-at="2020-07-03T22:47:40 EDT" name="setUp" finished-at="2020-07-03T22:47:56 EDT" duration-ms="15949" status="PASS">
          <reporter-output>
          </reporter-output>
        </test-method> <!-- setUp -->
        <test-method signature="verifyHomePageLink()[pri:2, instance:com.cra.qa.testcases.HomePageTest@6771beb3]" started-at="2020-07-03T22:47:56 EDT" name="verifyHomePageLink" finished-at="2020-07-03T22:47:57 EDT" duration-ms="1034" status="PASS">
          <reporter-output>
          </reporter-output>
        </test-method> <!-- verifyHomePageLink -->
        <test-method is-config="true" signature="clearAll()[pri:0, instance:com.cra.qa.testcases.HomePageTest@6771beb3]" started-at="2020-07-03T22:47:57 EDT" name="clearAll" finished-at="2020-07-03T22:48:02 EDT" duration-ms="4864" status="PASS">
          <reporter-output>
          </reporter-output>
        </test-method> <!-- clearAll -->
        <test-method is-config="true" signature="setUp()[pri:0, instance:com.cra.qa.testcases.HomePageTest@6771beb3]" started-at="2020-07-03T22:48:02 EDT" name="setUp" finished-at="2020-07-03T22:48:17 EDT" duration-ms="15132" status="PASS">
          <reporter-output>
          </reporter-output>
        </test-method> <!-- setUp -->
        <test-method signature="verifyContactUsLink()[pri:3, instance:com.cra.qa.testcases.HomePageTest@6771beb3]" started-at="2020-07-03T22:48:17 EDT" name="verifyContactUsLink" finished-at="2020-07-03T22:48:18 EDT" duration-ms="773" status="PASS">
          <reporter-output>
          </reporter-output>
        </test-method> <!-- verifyContactUsLink -->
        <test-method is-config="true" signature="clearAll()[pri:0, instance:com.cra.qa.testcases.HomePageTest@6771beb3]" started-at="2020-07-03T22:48:18 EDT" name="clearAll" finished-at="2020-07-03T22:48:23 EDT" duration-ms="5168" status="PASS">
          <reporter-output>
          </reporter-output>
        </test-method> <!-- clearAll -->
        <test-method is-config="true" signature="setUp()[pri:0, instance:com.cra.qa.testcases.HomePageTest@6771beb3]" started-at="2020-07-03T22:48:23 EDT" name="setUp" finished-at="2020-07-03T22:48:41 EDT" duration-ms="18249" status="PASS">
          <reporter-output>
          </reporter-output>
        </test-method> <!-- setUp -->
        <test-method signature="verifyAboutUsLink()[pri:4, instance:com.cra.qa.testcases.HomePageTest@6771beb3]" started-at="2020-07-03T22:48:41 EDT" name="verifyAboutUsLink" finished-at="2020-07-03T22:48:42 EDT" duration-ms="1088" status="PASS">
          <reporter-output>
          </reporter-output>
        </test-method> <!-- verifyAboutUsLink -->
        <test-method is-config="true" signature="clearAll()[pri:0, instance:com.cra.qa.testcases.HomePageTest@6771beb3]" started-at="2020-07-03T22:48:42 EDT" name="clearAll" finished-at="2020-07-03T22:48:48 EDT" duration-ms="5911" status="PASS">
          <reporter-output>
          </reporter-output>
        </test-method> <!-- clearAll -->
        <test-method is-config="true" signature="setUp()[pri:0, instance:com.cra.qa.testcases.HomePageTest@6771beb3]" started-at="2020-07-03T22:48:48 EDT" name="setUp" finished-at="2020-07-03T22:49:05 EDT" duration-ms="16750" status="PASS">
          <reporter-output>
          </reporter-output>
        </test-method> <!-- setUp -->
        <test-method signature="verifyCoursesLink()[pri:5, instance:com.cra.qa.testcases.HomePageTest@6771beb3]" started-at="2020-07-03T22:49:05 EDT" name="verifyCoursesLink" finished-at="2020-07-03T22:49:06 EDT" duration-ms="971" status="PASS">
          <reporter-output>
          </reporter-output>
        </test-method> <!-- verifyCoursesLink -->
        <test-method is-config="true" signature="clearAll()[pri:0, instance:com.cra.qa.testcases.HomePageTest@6771beb3]" started-at="2020-07-03T22:49:06 EDT" name="clearAll" finished-at="2020-07-03T22:49:10 EDT" duration-ms="3579" status="PASS">
          <reporter-output>
          </reporter-output>
        </test-method> <!-- clearAll -->
        <test-method is-config="true" signature="setUp()[pri:0, instance:com.cra.qa.testcases.HomePageTest@6771beb3]" started-at="2020-07-03T22:49:10 EDT" name="setUp" finished-at="2020-07-03T22:49:26 EDT" duration-ms="16481" status="PASS">
          <reporter-output>
          </reporter-output>
        </test-method> <!-- setUp -->
        <test-method signature="verifyServicesLink()[pri:6, instance:com.cra.qa.testcases.HomePageTest@6771beb3]" started-at="2020-07-03T22:49:26 EDT" name="verifyServicesLink" finished-at="2020-07-03T22:49:27 EDT" duration-ms="1099" status="PASS">
          <reporter-output>
          </reporter-output>
        </test-method> <!-- verifyServicesLink -->
        <test-method is-config="true" signature="clearAll()[pri:0, instance:com.cra.qa.testcases.HomePageTest@6771beb3]" started-at="2020-07-03T22:49:27 EDT" name="clearAll" finished-at="2020-07-03T22:49:32 EDT" duration-ms="4568" status="PASS">
          <reporter-output>
          </reporter-output>
        </test-method> <!-- clearAll -->
        <test-method is-config="true" signature="setUp()[pri:0, instance:com.cra.qa.testcases.HomePageTest@6771beb3]" started-at="2020-07-03T22:49:32 EDT" name="setUp" finished-at="2020-07-03T22:49:47 EDT" duration-ms="15263" status="PASS">
          <reporter-output>
          </reporter-output>
        </test-method> <!-- setUp -->
        <test-method signature="verifyCareersLink()[pri:7, instance:com.cra.qa.testcases.HomePageTest@6771beb3]" started-at="2020-07-03T22:49:47 EDT" name="verifyCareersLink" finished-at="2020-07-03T22:49:47 EDT" duration-ms="381" status="PASS">
          <reporter-output>
          </reporter-output>
        </test-method> <!-- verifyCareersLink -->
        <test-method is-config="true" signature="clearAll()[pri:0, instance:com.cra.qa.testcases.HomePageTest@6771beb3]" started-at="2020-07-03T22:49:47 EDT" name="clearAll" finished-at="2020-07-03T22:49:53 EDT" duration-ms="5412" status="PASS">
          <reporter-output>
          </reporter-output>
        </test-method> <!-- clearAll -->
        <test-method is-config="true" signature="setUp()[pri:0, instance:com.cra.qa.testcases.HomePageTest@6771beb3]" started-at="2020-07-03T22:49:53 EDT" name="setUp" finished-at="2020-07-03T22:50:10 EDT" duration-ms="17045" status="PASS">
          <reporter-output>
          </reporter-output>
        </test-method> <!-- setUp -->
        <test-method signature="verifyEnquireNowLink()[pri:8, instance:com.cra.qa.testcases.HomePageTest@6771beb3]" started-at="2020-07-03T22:50:10 EDT" name="verifyEnquireNowLink" finished-at="2020-07-03T22:50:11 EDT" duration-ms="1219" status="PASS">
          <reporter-output>
          </reporter-output>
        </test-method> <!-- verifyEnquireNowLink -->
        <test-method is-config="true" signature="clearAll()[pri:0, instance:com.cra.qa.testcases.HomePageTest@6771beb3]" started-at="2020-07-03T22:50:11 EDT" name="clearAll" finished-at="2020-07-03T22:50:17 EDT" duration-ms="5848" status="PASS">
          <reporter-output>
          </reporter-output>
        </test-method> <!-- clearAll -->
        <test-method is-config="true" signature="setUp()[pri:0, instance:com.cra.qa.testcases.HomePageTest@6771beb3]" started-at="2020-07-03T22:50:17 EDT" name="setUp" finished-at="2020-07-03T22:50:36 EDT" duration-ms="18699" status="PASS">
          <reporter-output>
          </reporter-output>
        </test-method> <!-- setUp -->
        <test-method signature="verifyServices2Link()[pri:9, instance:com.cra.qa.testcases.HomePageTest@6771beb3]" started-at="2020-07-03T22:50:36 EDT" name="verifyServices2Link" finished-at="2020-07-03T22:50:37 EDT" duration-ms="1391" status="PASS">
          <reporter-output>
          </reporter-output>
        </test-method> <!-- verifyServices2Link -->
        <test-method is-config="true" signature="clearAll()[pri:0, instance:com.cra.qa.testcases.HomePageTest@6771beb3]" started-at="2020-07-03T22:50:37 EDT" name="clearAll" finished-at="2020-07-03T22:50:42 EDT" duration-ms="4630" status="PASS">
          <reporter-output>
          </reporter-output>
        </test-method> <!-- clearAll -->
        <test-method is-config="true" signature="setUp()[pri:0, instance:com.cra.qa.testcases.HomePageTest@6771beb3]" started-at="2020-07-03T22:50:42 EDT" name="setUp" finished-at="2020-07-03T22:50:57 EDT" duration-ms="15759" status="PASS">
          <reporter-output>
          </reporter-output>
        </test-method> <!-- setUp -->
        <test-method signature="verifyTrainingLink()[pri:10, instance:com.cra.qa.testcases.HomePageTest@6771beb3]" started-at="2020-07-03T22:50:57 EDT" name="verifyTrainingLink" finished-at="2020-07-03T22:50:59 EDT" duration-ms="1685" status="PASS">
          <reporter-output>
          </reporter-output>
        </test-method> <!-- verifyTrainingLink -->
        <test-method is-config="true" signature="clearAll()[pri:0, instance:com.cra.qa.testcases.HomePageTest@6771beb3]" started-at="2020-07-03T22:50:59 EDT" name="clearAll" finished-at="2020-07-03T22:51:04 EDT" duration-ms="4430" status="PASS">
          <reporter-output>
          </reporter-output>
        </test-method> <!-- clearAll -->
        <test-method is-config="true" signature="setUp()[pri:0, instance:com.cra.qa.testcases.HomePageTest@6771beb3]" started-at="2020-07-03T22:51:04 EDT" name="setUp" finished-at="2020-07-03T22:51:20 EDT" duration-ms="16927" status="PASS">
          <reporter-output>
          </reporter-output>
        </test-method> <!-- setUp -->
        <test-method signature="verifyCareer2Link()[pri:11, instance:com.cra.qa.testcases.HomePageTest@6771beb3]" started-at="2020-07-03T22:51:20 EDT" name="verifyCareer2Link" finished-at="2020-07-03T22:51:22 EDT" duration-ms="1889" status="PASS">
          <reporter-output>
          </reporter-output>
        </test-method> <!-- verifyCareer2Link -->
        <test-method is-config="true" signature="clearAll()[pri:0, instance:com.cra.qa.testcases.HomePageTest@6771beb3]" started-at="2020-07-03T22:51:22 EDT" name="clearAll" finished-at="2020-07-03T22:51:27 EDT" duration-ms="4904" status="PASS">
          <reporter-output>
          </reporter-output>
        </test-method> <!-- clearAll -->
        <test-method is-config="true" signature="setUp()[pri:0, instance:com.cra.qa.testcases.HomePageTest@6771beb3]" started-at="2020-07-03T22:51:27 EDT" name="setUp" finished-at="2020-07-03T22:51:43 EDT" duration-ms="15494" status="PASS">
          <reporter-output>
          </reporter-output>
        </test-method> <!-- setUp -->
        <test-method signature="verifyEventsLink()[pri:12, instance:com.cra.qa.testcases.HomePageTest@6771beb3]" started-at="2020-07-03T22:51:43 EDT" name="verifyEventsLink" finished-at="2020-07-03T22:51:44 EDT" duration-ms="1650" status="PASS">
          <reporter-output>
          </reporter-output>
        </test-method> <!-- verifyEventsLink -->
        <test-method is-config="true" signature="clearAll()[pri:0, instance:com.cra.qa.testcases.HomePageTest@6771beb3]" started-at="2020-07-03T22:51:44 EDT" name="clearAll" finished-at="2020-07-03T22:51:49 EDT" duration-ms="4633" status="PASS">
          <reporter-output>
          </reporter-output>
        </test-method> <!-- clearAll -->
        <test-method is-config="true" signature="setUp()[pri:0, instance:com.cra.qa.testcases.HomePageTest@6771beb3]" started-at="2020-07-03T22:51:49 EDT" name="setUp" finished-at="2020-07-03T22:52:07 EDT" duration-ms="17995" status="PASS">
          <reporter-output>
          </reporter-output>
        </test-method> <!-- setUp -->
        <test-method signature="verifyMoreAboutUsLink()[pri:13, instance:com.cra.qa.testcases.HomePageTest@6771beb3]" started-at="2020-07-03T22:52:07 EDT" name="verifyMoreAboutUsLink" finished-at="2020-07-03T22:52:09 EDT" duration-ms="1674" status="PASS">
          <reporter-output>
          </reporter-output>
        </test-method> <!-- verifyMoreAboutUsLink -->
        <test-method is-config="true" signature="clearAll()[pri:0, instance:com.cra.qa.testcases.HomePageTest@6771beb3]" started-at="2020-07-03T22:52:09 EDT" name="clearAll" finished-at="2020-07-03T22:52:13 EDT" duration-ms="4076" status="PASS">
          <reporter-output>
          </reporter-output>
        </test-method> <!-- clearAll -->
        <test-method is-config="true" signature="setUp()[pri:0, instance:com.cra.qa.testcases.HomePageTest@6771beb3]" started-at="2020-07-03T22:52:13 EDT" name="setUp" finished-at="2020-07-03T22:52:30 EDT" duration-ms="16962" status="PASS">
          <reporter-output>
          </reporter-output>
        </test-method> <!-- setUp -->
        <test-method signature="verifyContactUs2Link()[pri:14, instance:com.cra.qa.testcases.HomePageTest@6771beb3]" started-at="2020-07-03T22:52:30 EDT" name="verifyContactUs2Link" finished-at="2020-07-03T22:52:31 EDT" duration-ms="1558" status="PASS">
          <reporter-output>
          </reporter-output>
        </test-method> <!-- verifyContactUs2Link -->
        <test-method is-config="true" signature="clearAll()[pri:0, instance:com.cra.qa.testcases.HomePageTest@6771beb3]" started-at="2020-07-03T22:52:31 EDT" name="clearAll" finished-at="2020-07-03T22:52:37 EDT" duration-ms="5294" status="PASS">
          <reporter-output>
          </reporter-output>
        </test-method> <!-- clearAll -->
        <test-method is-config="true" signature="setUp()[pri:0, instance:com.cra.qa.testcases.HomePageTest@6771beb3]" started-at="2020-07-03T22:52:37 EDT" name="setUp" finished-at="2020-07-03T22:52:55 EDT" duration-ms="18389" status="PASS">
          <reporter-output>
          </reporter-output>
        </test-method> <!-- setUp -->
        <test-method signature="verifyWebDevelopmentLink()[pri:15, instance:com.cra.qa.testcases.HomePageTest@6771beb3]" started-at="2020-07-03T22:52:55 EDT" name="verifyWebDevelopmentLink" finished-at="2020-07-03T22:52:57 EDT" duration-ms="1605" status="PASS">
          <reporter-output>
          </reporter-output>
        </test-method> <!-- verifyWebDevelopmentLink -->
        <test-method is-config="true" signature="clearAll()[pri:0, instance:com.cra.qa.testcases.HomePageTest@6771beb3]" started-at="2020-07-03T22:52:57 EDT" name="clearAll" finished-at="2020-07-03T22:53:02 EDT" duration-ms="5007" status="PASS">
          <reporter-output>
          </reporter-output>
        </test-method> <!-- clearAll -->
        <test-method is-config="true" signature="setUp()[pri:0, instance:com.cra.qa.testcases.HomePageTest@6771beb3]" started-at="2020-07-03T22:53:02 EDT" name="setUp" finished-at="2020-07-03T22:53:18 EDT" duration-ms="16456" status="PASS">
          <reporter-output>
          </reporter-output>
        </test-method> <!-- setUp -->
        <test-method signature="verifySoftwareTestingLink()[pri:16, instance:com.cra.qa.testcases.HomePageTest@6771beb3]" started-at="2020-07-03T22:53:18 EDT" name="verifySoftwareTestingLink" finished-at="2020-07-03T22:53:20 EDT" duration-ms="1698" status="PASS">
          <reporter-output>
          </reporter-output>
        </test-method> <!-- verifySoftwareTestingLink -->
        <test-method is-config="true" signature="clearAll()[pri:0, instance:com.cra.qa.testcases.HomePageTest@6771beb3]" started-at="2020-07-03T22:53:20 EDT" name="clearAll" finished-at="2020-07-03T22:53:25 EDT" duration-ms="4989" status="PASS">
          <reporter-output>
          </reporter-output>
        </test-method> <!-- clearAll -->
        <test-method is-config="true" signature="setUp()[pri:0, instance:com.cra.qa.testcases.HomePageTest@6771beb3]" started-at="2020-07-03T22:53:25 EDT" name="setUp" finished-at="2020-07-03T22:53:42 EDT" duration-ms="17020" status="PASS">
          <reporter-output>
          </reporter-output>
        </test-method> <!-- setUp -->
        <test-method signature="verifyConsultancyPageLink()[pri:17, instance:com.cra.qa.testcases.HomePageTest@6771beb3]" started-at="2020-07-03T22:53:42 EDT" name="verifyConsultancyPageLink" finished-at="2020-07-03T22:53:44 EDT" duration-ms="1943" status="PASS">
          <reporter-output>
          </reporter-output>
        </test-method> <!-- verifyConsultancyPageLink -->
        <test-method is-config="true" signature="clearAll()[pri:0, instance:com.cra.qa.testcases.HomePageTest@6771beb3]" started-at="2020-07-03T22:53:44 EDT" name="clearAll" finished-at="2020-07-03T22:53:48 EDT" duration-ms="4656" status="PASS">
          <reporter-output>
          </reporter-output>
        </test-method> <!-- clearAll -->
        <test-method is-config="true" signature="setUp()[pri:0, instance:com.cra.qa.testcases.HomePageTest@6771beb3]" started-at="2020-07-03T22:53:48 EDT" name="setUp" finished-at="2020-07-03T22:54:06 EDT" duration-ms="17701" status="PASS">
          <reporter-output>
          </reporter-output>
        </test-method> <!-- setUp -->
        <test-method signature="verifyTraining2Link()[pri:18, instance:com.cra.qa.testcases.HomePageTest@6771beb3]" started-at="2020-07-03T22:54:06 EDT" name="verifyTraining2Link" finished-at="2020-07-03T22:54:08 EDT" duration-ms="1955" status="PASS">
          <reporter-output>
          </reporter-output>
        </test-method> <!-- verifyTraining2Link -->
        <test-method is-config="true" signature="clearAll()[pri:0, instance:com.cra.qa.testcases.HomePageTest@6771beb3]" started-at="2020-07-03T22:54:08 EDT" name="clearAll" finished-at="2020-07-03T22:54:11 EDT" duration-ms="3435" status="PASS">
          <reporter-output>
          </reporter-output>
        </test-method> <!-- clearAll -->
      </class> <!-- com.cra.qa.testcases.HomePageTest -->
    </test> <!-- Surefire test -->
  </suite> <!-- Surefire suite -->
</testng-results>
