<?xml version="1.0" encoding="UTF-8"?>
<testng-results ignored="0" total="18" passed="18" failed="0" skipped="0">
  <reporter-output>
  </reporter-output>
  <suite started-at="2020-06-20T18:16:17 EDT" name="Default suite" finished-at="2020-06-20T18:19:15 EDT" duration-ms="177611">
    <groups>
    </groups>
    <test started-at="2020-06-20T18:16:17 EDT" name="Default test" finished-at="2020-06-20T18:19:15 EDT" duration-ms="177611">
      <class name="com.cra.qa.testcases.HomePageTest">
        <test-method is-config="true" signature="setUp()[pri:0, instance:com.cra.qa.testcases.HomePageTest@68c72235]" started-at="2020-06-20T18:16:17 EDT" name="setUp" finished-at="2020-06-20T18:16:31 EDT" duration-ms="13703" status="PASS">
          <reporter-output>
          </reporter-output>
        </test-method> <!-- setUp -->
        <test-method signature="homepageTitleTest()[pri:1, instance:com.cra.qa.testcases.HomePageTest@68c72235]" started-at="2020-06-20T18:16:31 EDT" name="homepageTitleTest" finished-at="2020-06-20T18:16:31 EDT" duration-ms="22" status="PASS">
          <reporter-output>
          </reporter-output>
        </test-method> <!-- homepageTitleTest -->
        <test-method is-config="true" signature="clearAll()[pri:0, instance:com.cra.qa.testcases.HomePageTest@68c72235]" started-at="2020-06-20T18:16:31 EDT" name="clearAll" finished-at="2020-06-20T18:16:32 EDT" duration-ms="1687" status="PASS">
          <reporter-output>
          </reporter-output>
        </test-method> <!-- clearAll -->
        <test-method is-config="true" signature="setUp()[pri:0, instance:com.cra.qa.testcases.HomePageTest@68c72235]" started-at="2020-06-20T18:16:32 EDT" name="setUp" finished-at="2020-06-20T18:16:40 EDT" duration-ms="7324" status="PASS">
          <reporter-output>
          </reporter-output>
        </test-method> <!-- setUp -->
        <test-method signature="verifyHomePageLink()[pri:2, instance:com.cra.qa.testcases.HomePageTest@68c72235]" started-at="2020-06-20T18:16:40 EDT" name="verifyHomePageLink" finished-at="2020-06-20T18:16:40 EDT" duration-ms="595" status="PASS">
          <reporter-output>
          </reporter-output>
        </test-method> <!-- verifyHomePageLink -->
        <test-method is-config="true" signature="clearAll()[pri:0, instance:com.cra.qa.testcases.HomePageTest@68c72235]" started-at="2020-06-20T18:16:40 EDT" name="clearAll" finished-at="2020-06-20T18:16:41 EDT" duration-ms="1036" status="PASS">
          <reporter-output>
          </reporter-output>
        </test-method> <!-- clearAll -->
        <test-method is-config="true" signature="setUp()[pri:0, instance:com.cra.qa.testcases.HomePageTest@68c72235]" started-at="2020-06-20T18:16:41 EDT" name="setUp" finished-at="2020-06-20T18:16:49 EDT" duration-ms="7130" status="PASS">
          <reporter-output>
          </reporter-output>
        </test-method> <!-- setUp -->
        <test-method signature="verifyContactUsLink()[pri:3, instance:com.cra.qa.testcases.HomePageTest@68c72235]" started-at="2020-06-20T18:16:49 EDT" name="verifyContactUsLink" finished-at="2020-06-20T18:16:49 EDT" duration-ms="599" status="PASS">
          <reporter-output>
          </reporter-output>
        </test-method> <!-- verifyContactUsLink -->
        <test-method is-config="true" signature="clearAll()[pri:0, instance:com.cra.qa.testcases.HomePageTest@68c72235]" started-at="2020-06-20T18:16:49 EDT" name="clearAll" finished-at="2020-06-20T18:16:50 EDT" duration-ms="995" status="PASS">
          <reporter-output>
          </reporter-output>
        </test-method> <!-- clearAll -->
        <test-method is-config="true" signature="setUp()[pri:0, instance:com.cra.qa.testcases.HomePageTest@68c72235]" started-at="2020-06-20T18:16:50 EDT" name="setUp" finished-at="2020-06-20T18:16:58 EDT" duration-ms="7439" status="PASS">
          <reporter-output>
          </reporter-output>
        </test-method> <!-- setUp -->
        <test-method signature="verifyAboutUsLink()[pri:4, instance:com.cra.qa.testcases.HomePageTest@68c72235]" started-at="2020-06-20T18:16:58 EDT" name="verifyAboutUsLink" finished-at="2020-06-20T18:16:58 EDT" duration-ms="405" status="PASS">
          <reporter-output>
          </reporter-output>
        </test-method> <!-- verifyAboutUsLink -->
        <test-method is-config="true" signature="clearAll()[pri:0, instance:com.cra.qa.testcases.HomePageTest@68c72235]" started-at="2020-06-20T18:16:58 EDT" name="clearAll" finished-at="2020-06-20T18:16:59 EDT" duration-ms="1029" status="PASS">
          <reporter-output>
          </reporter-output>
        </test-method> <!-- clearAll -->
        <test-method is-config="true" signature="setUp()[pri:0, instance:com.cra.qa.testcases.HomePageTest@68c72235]" started-at="2020-06-20T18:16:59 EDT" name="setUp" finished-at="2020-06-20T18:17:06 EDT" duration-ms="7365" status="PASS">
          <reporter-output>
          </reporter-output>
        </test-method> <!-- setUp -->
        <test-method signature="verifyCoursesLink()[pri:5, instance:com.cra.qa.testcases.HomePageTest@68c72235]" started-at="2020-06-20T18:17:06 EDT" name="verifyCoursesLink" finished-at="2020-06-20T18:17:07 EDT" duration-ms="610" status="PASS">
          <reporter-output>
          </reporter-output>
        </test-method> <!-- verifyCoursesLink -->
        <test-method is-config="true" signature="clearAll()[pri:0, instance:com.cra.qa.testcases.HomePageTest@68c72235]" started-at="2020-06-20T18:17:07 EDT" name="clearAll" finished-at="2020-06-20T18:17:08 EDT" duration-ms="1399" status="PASS">
          <reporter-output>
          </reporter-output>
        </test-method> <!-- clearAll -->
        <test-method is-config="true" signature="setUp()[pri:0, instance:com.cra.qa.testcases.HomePageTest@68c72235]" started-at="2020-06-20T18:17:08 EDT" name="setUp" finished-at="2020-06-20T18:17:16 EDT" duration-ms="7285" status="PASS">
          <reporter-output>
          </reporter-output>
        </test-method> <!-- setUp -->
        <test-method signature="verifyServicesLink()[pri:6, instance:com.cra.qa.testcases.HomePageTest@68c72235]" started-at="2020-06-20T18:17:16 EDT" name="verifyServicesLink" finished-at="2020-06-20T18:17:16 EDT" duration-ms="544" status="PASS">
          <reporter-output>
          </reporter-output>
        </test-method> <!-- verifyServicesLink -->
        <test-method is-config="true" signature="clearAll()[pri:0, instance:com.cra.qa.testcases.HomePageTest@68c72235]" started-at="2020-06-20T18:17:16 EDT" name="clearAll" finished-at="2020-06-20T18:17:18 EDT" duration-ms="1300" status="PASS">
          <reporter-output>
          </reporter-output>
        </test-method> <!-- clearAll -->
        <test-method is-config="true" signature="setUp()[pri:0, instance:com.cra.qa.testcases.HomePageTest@68c72235]" started-at="2020-06-20T18:17:18 EDT" name="setUp" finished-at="2020-06-20T18:17:25 EDT" duration-ms="7222" status="PASS">
          <reporter-output>
          </reporter-output>
        </test-method> <!-- setUp -->
        <test-method signature="verifyCareersLink()[pri:7, instance:com.cra.qa.testcases.HomePageTest@68c72235]" started-at="2020-06-20T18:17:25 EDT" name="verifyCareersLink" finished-at="2020-06-20T18:17:25 EDT" duration-ms="462" status="PASS">
          <reporter-output>
          </reporter-output>
        </test-method> <!-- verifyCareersLink -->
        <test-method is-config="true" signature="clearAll()[pri:0, instance:com.cra.qa.testcases.HomePageTest@68c72235]" started-at="2020-06-20T18:17:25 EDT" name="clearAll" finished-at="2020-06-20T18:17:27 EDT" duration-ms="1515" status="PASS">
          <reporter-output>
          </reporter-output>
        </test-method> <!-- clearAll -->
        <test-method is-config="true" signature="setUp()[pri:0, instance:com.cra.qa.testcases.HomePageTest@68c72235]" started-at="2020-06-20T18:17:27 EDT" name="setUp" finished-at="2020-06-20T18:17:34 EDT" duration-ms="7339" status="PASS">
          <reporter-output>
          </reporter-output>
        </test-method> <!-- setUp -->
        <test-method signature="verifyEnquireNowLink()[pri:8, instance:com.cra.qa.testcases.HomePageTest@68c72235]" started-at="2020-06-20T18:17:34 EDT" name="verifyEnquireNowLink" finished-at="2020-06-20T18:17:35 EDT" duration-ms="684" status="PASS">
          <reporter-output>
          </reporter-output>
        </test-method> <!-- verifyEnquireNowLink -->
        <test-method is-config="true" signature="clearAll()[pri:0, instance:com.cra.qa.testcases.HomePageTest@68c72235]" started-at="2020-06-20T18:17:35 EDT" name="clearAll" finished-at="2020-06-20T18:17:36 EDT" duration-ms="1001" status="PASS">
          <reporter-output>
          </reporter-output>
        </test-method> <!-- clearAll -->
        <test-method is-config="true" signature="setUp()[pri:0, instance:com.cra.qa.testcases.HomePageTest@68c72235]" started-at="2020-06-20T18:17:36 EDT" name="setUp" finished-at="2020-06-20T18:17:43 EDT" duration-ms="7128" status="PASS">
          <reporter-output>
          </reporter-output>
        </test-method> <!-- setUp -->
        <test-method signature="verifyServices2Link()[pri:9, instance:com.cra.qa.testcases.HomePageTest@68c72235]" started-at="2020-06-20T18:17:43 EDT" name="verifyServices2Link" finished-at="2020-06-20T18:17:44 EDT" duration-ms="804" status="PASS">
          <reporter-output>
          </reporter-output>
        </test-method> <!-- verifyServices2Link -->
        <test-method is-config="true" signature="clearAll()[pri:0, instance:com.cra.qa.testcases.HomePageTest@68c72235]" started-at="2020-06-20T18:17:44 EDT" name="clearAll" finished-at="2020-06-20T18:17:45 EDT" duration-ms="1198" status="PASS">
          <reporter-output>
          </reporter-output>
        </test-method> <!-- clearAll -->
        <test-method is-config="true" signature="setUp()[pri:0, instance:com.cra.qa.testcases.HomePageTest@68c72235]" started-at="2020-06-20T18:17:45 EDT" name="setUp" finished-at="2020-06-20T18:17:52 EDT" duration-ms="7548" status="PASS">
          <reporter-output>
          </reporter-output>
        </test-method> <!-- setUp -->
        <test-method signature="verifyTrainingLink()[pri:10, instance:com.cra.qa.testcases.HomePageTest@68c72235]" started-at="2020-06-20T18:17:52 EDT" name="verifyTrainingLink" finished-at="2020-06-20T18:17:53 EDT" duration-ms="658" status="PASS">
          <reporter-output>
          </reporter-output>
        </test-method> <!-- verifyTrainingLink -->
        <test-method is-config="true" signature="clearAll()[pri:0, instance:com.cra.qa.testcases.HomePageTest@68c72235]" started-at="2020-06-20T18:17:53 EDT" name="clearAll" finished-at="2020-06-20T18:17:54 EDT" duration-ms="1069" status="PASS">
          <reporter-output>
          </reporter-output>
        </test-method> <!-- clearAll -->
        <test-method is-config="true" signature="setUp()[pri:0, instance:com.cra.qa.testcases.HomePageTest@68c72235]" started-at="2020-06-20T18:17:54 EDT" name="setUp" finished-at="2020-06-20T18:18:02 EDT" duration-ms="7621" status="PASS">
          <reporter-output>
          </reporter-output>
        </test-method> <!-- setUp -->
        <test-method signature="verifyCareer2Link()[pri:11, instance:com.cra.qa.testcases.HomePageTest@68c72235]" started-at="2020-06-20T18:18:02 EDT" name="verifyCareer2Link" finished-at="2020-06-20T18:18:02 EDT" duration-ms="471" status="PASS">
          <reporter-output>
          </reporter-output>
        </test-method> <!-- verifyCareer2Link -->
        <test-method is-config="true" signature="clearAll()[pri:0, instance:com.cra.qa.testcases.HomePageTest@68c72235]" started-at="2020-06-20T18:18:02 EDT" name="clearAll" finished-at="2020-06-20T18:18:03 EDT" duration-ms="1014" status="PASS">
          <reporter-output>
          </reporter-output>
        </test-method> <!-- clearAll -->
        <test-method is-config="true" signature="setUp()[pri:0, instance:com.cra.qa.testcases.HomePageTest@68c72235]" started-at="2020-06-20T18:18:03 EDT" name="setUp" finished-at="2020-06-20T18:18:11 EDT" duration-ms="7562" status="PASS">
          <reporter-output>
          </reporter-output>
        </test-method> <!-- setUp -->
        <test-method signature="verifyEventsLink()[pri:12, instance:com.cra.qa.testcases.HomePageTest@68c72235]" started-at="2020-06-20T18:18:11 EDT" name="verifyEventsLink" finished-at="2020-06-20T18:18:11 EDT" duration-ms="603" status="PASS">
          <reporter-output>
          </reporter-output>
        </test-method> <!-- verifyEventsLink -->
        <test-method is-config="true" signature="clearAll()[pri:0, instance:com.cra.qa.testcases.HomePageTest@68c72235]" started-at="2020-06-20T18:18:11 EDT" name="clearAll" finished-at="2020-06-20T18:18:13 EDT" duration-ms="1558" status="PASS">
          <reporter-output>
          </reporter-output>
        </test-method> <!-- clearAll -->
        <test-method is-config="true" signature="setUp()[pri:0, instance:com.cra.qa.testcases.HomePageTest@68c72235]" started-at="2020-06-20T18:18:13 EDT" name="setUp" finished-at="2020-06-20T18:18:21 EDT" duration-ms="7540" status="PASS">
          <reporter-output>
          </reporter-output>
        </test-method> <!-- setUp -->
        <test-method signature="verifyMoreAboutUsLink()[pri:13, instance:com.cra.qa.testcases.HomePageTest@68c72235]" started-at="2020-06-20T18:18:21 EDT" name="verifyMoreAboutUsLink" finished-at="2020-06-20T18:18:21 EDT" duration-ms="627" status="PASS">
          <reporter-output>
          </reporter-output>
        </test-method> <!-- verifyMoreAboutUsLink -->
        <test-method is-config="true" signature="clearAll()[pri:0, instance:com.cra.qa.testcases.HomePageTest@68c72235]" started-at="2020-06-20T18:18:21 EDT" name="clearAll" finished-at="2020-06-20T18:18:22 EDT" duration-ms="1171" status="PASS">
          <reporter-output>
          </reporter-output>
        </test-method> <!-- clearAll -->
        <test-method is-config="true" signature="setUp()[pri:0, instance:com.cra.qa.testcases.HomePageTest@68c72235]" started-at="2020-06-20T18:18:22 EDT" name="setUp" finished-at="2020-06-20T18:18:30 EDT" duration-ms="7881" status="PASS">
          <reporter-output>
          </reporter-output>
        </test-method> <!-- setUp -->
        <test-method signature="verifyContactUs2Link()[pri:14, instance:com.cra.qa.testcases.HomePageTest@68c72235]" started-at="2020-06-20T18:18:30 EDT" name="verifyContactUs2Link" finished-at="2020-06-20T18:18:31 EDT" duration-ms="646" status="PASS">
          <reporter-output>
          </reporter-output>
        </test-method> <!-- verifyContactUs2Link -->
        <test-method is-config="true" signature="clearAll()[pri:0, instance:com.cra.qa.testcases.HomePageTest@68c72235]" started-at="2020-06-20T18:18:31 EDT" name="clearAll" finished-at="2020-06-20T18:18:32 EDT" duration-ms="1276" status="PASS">
          <reporter-output>
          </reporter-output>
        </test-method> <!-- clearAll -->
        <test-method is-config="true" signature="setUp()[pri:0, instance:com.cra.qa.testcases.HomePageTest@68c72235]" started-at="2020-06-20T18:18:32 EDT" name="setUp" finished-at="2020-06-20T18:18:40 EDT" duration-ms="8295" status="PASS">
          <reporter-output>
          </reporter-output>
        </test-method> <!-- setUp -->
        <test-method signature="verifyWebDevelopmentLink()[pri:15, instance:com.cra.qa.testcases.HomePageTest@68c72235]" started-at="2020-06-20T18:18:40 EDT" name="verifyWebDevelopmentLink" finished-at="2020-06-20T18:18:42 EDT" duration-ms="1508" status="PASS">
          <reporter-output>
          </reporter-output>
        </test-method> <!-- verifyWebDevelopmentLink -->
        <test-method is-config="true" signature="clearAll()[pri:0, instance:com.cra.qa.testcases.HomePageTest@68c72235]" started-at="2020-06-20T18:18:42 EDT" name="clearAll" finished-at="2020-06-20T18:18:44 EDT" duration-ms="1822" status="PASS">
          <reporter-output>
          </reporter-output>
        </test-method> <!-- clearAll -->
        <test-method is-config="true" signature="setUp()[pri:0, instance:com.cra.qa.testcases.HomePageTest@68c72235]" started-at="2020-06-20T18:18:44 EDT" name="setUp" finished-at="2020-06-20T18:18:53 EDT" duration-ms="8965" status="PASS">
          <reporter-output>
          </reporter-output>
        </test-method> <!-- setUp -->
        <test-method signature="verifySoftwareTestingLink()[pri:16, instance:com.cra.qa.testcases.HomePageTest@68c72235]" started-at="2020-06-20T18:18:53 EDT" name="verifySoftwareTestingLink" finished-at="2020-06-20T18:18:53 EDT" duration-ms="682" status="PASS">
          <reporter-output>
          </reporter-output>
        </test-method> <!-- verifySoftwareTestingLink -->
        <test-method is-config="true" signature="clearAll()[pri:0, instance:com.cra.qa.testcases.HomePageTest@68c72235]" started-at="2020-06-20T18:18:53 EDT" name="clearAll" finished-at="2020-06-20T18:18:55 EDT" duration-ms="1160" status="PASS">
          <reporter-output>
          </reporter-output>
        </test-method> <!-- clearAll -->
        <test-method is-config="true" signature="setUp()[pri:0, instance:com.cra.qa.testcases.HomePageTest@68c72235]" started-at="2020-06-20T18:18:55 EDT" name="setUp" finished-at="2020-06-20T18:19:03 EDT" duration-ms="8189" status="PASS">
          <reporter-output>
          </reporter-output>
        </test-method> <!-- setUp -->
        <test-method signature="verifyConsultancyPageLink()[pri:17, instance:com.cra.qa.testcases.HomePageTest@68c72235]" started-at="2020-06-20T18:19:03 EDT" name="verifyConsultancyPageLink" finished-at="2020-06-20T18:19:03 EDT" duration-ms="644" status="PASS">
          <reporter-output>
          </reporter-output>
        </test-method> <!-- verifyConsultancyPageLink -->
        <test-method is-config="true" signature="clearAll()[pri:0, instance:com.cra.qa.testcases.HomePageTest@68c72235]" started-at="2020-06-20T18:19:03 EDT" name="clearAll" finished-at="2020-06-20T18:19:05 EDT" duration-ms="1114" status="PASS">
          <reporter-output>
          </reporter-output>
        </test-method> <!-- clearAll -->
        <test-method is-config="true" signature="setUp()[pri:0, instance:com.cra.qa.testcases.HomePageTest@68c72235]" started-at="2020-06-20T18:19:05 EDT" name="setUp" finished-at="2020-06-20T18:19:13 EDT" duration-ms="8258" status="PASS">
          <reporter-output>
          </reporter-output>
        </test-method> <!-- setUp -->
        <test-method signature="verifyTraining2Link()[pri:18, instance:com.cra.qa.testcases.HomePageTest@68c72235]" started-at="2020-06-20T18:19:13 EDT" name="verifyTraining2Link" finished-at="2020-06-20T18:19:13 EDT" duration-ms="653" status="PASS">
          <reporter-output>
          </reporter-output>
        </test-method> <!-- verifyTraining2Link -->
        <test-method is-config="true" signature="clearAll()[pri:0, instance:com.cra.qa.testcases.HomePageTest@68c72235]" started-at="2020-06-20T18:19:13 EDT" name="clearAll" finished-at="2020-06-20T18:19:15 EDT" duration-ms="1142" status="PASS">
          <reporter-output>
          </reporter-output>
        </test-method> <!-- clearAll -->
      </class> <!-- com.cra.qa.testcases.HomePageTest -->
    </test> <!-- Default test -->
  </suite> <!-- Default suite -->
</testng-results>
